#
# A fatal error has been detected by the Java Runtime Environment:
#
#  EXCEPTION_ACCESS_VIOLATION (0xc0000005) at pc=0x644045e2, pid=4420, tid=4632
#
# JRE version: 7.0_11-b21
# Java VM: Java HotSpot(TM) Client VM (23.6-b04 mixed mode windows-x86 )
# Problematic frame:
# C  0x644045e2  NS_Free_P+0x2efc16
#
# Failed to write core dump. Minidumps are not enabled by default on client versions of Windows
#
# If you would like to submit a bug report, please visit:
#   http://bugreport.sun.com/bugreport/crash.jsp
# The crash happened outside the Java Virtual Machine in native code.
# See problematic frame for where to report the bug.
#

---------------  T H R E A D  ---------------

Current thread (0x5c006400):  JavaThread "XPCOM" daemon [_thread_in_native, id=4632, stack(0x52de0000,0x52e60000)]

siginfo: ExceptionCode=0xc0000005, reading address 0x00000000

Registers:
EAX=0x00000000, EBX=0x00000000, ECX=0x63e4be04, EDX=0x5e344000
ESP=0x52e5d690, EBP=0x52e5d6a0, ESI=0x80000000, EDI=0x5e37bd40
EIP=0x644045e2, EFLAGS=0x00010202

Top of Stack: (sp=0x52e5d690)
0x52e5d690:   64a68f2c 00000000 5e3e927c 00001b5b
0x52e5d6a0:   52e5d6c0 645a1703 63e4be00 5e3e926c
0x52e5d6b0:   00000000 5e3ac3e8 00000000 00000000
0x52e5d6c0:   52e5d6ec 63fec308 5e333100 5e3e926c
0x52e5d6d0:   00000000 5e3ac3e8 00000000 00001b5b
0x52e5d6e0:   80000000 5e3a7f60 648c1608 52e5d734
0x52e5d6f0:   63ff1b0a 5e3a7f60 5e3a7f60 00000000
0x52e5d700:   5e3ac3e8 00000000 00001b5b 00000000 

Instructions: (pc=0x644045e2)
0x644045c2:   8b c8 33 db e8 2b ff ff ff eb 02 33 c0 89 45 08
0x644045d2:   85 c0 74 06 8b 08 50 ff 51 04 8b 87 a0 00 00 00
0x644045e2:   8b 08 6a 00 ff 75 08 50 ff 51 0c 8d 4d 08 e8 43
0x644045f2:   6a d4 ff 53 ff 15 78 c4 86 64 8b 45 1c 59 5b 5f 


Register to memory mapping:

EAX=0x00000000 is an unknown value
EBX=0x00000000 is an unknown value
ECX=0x63e4be04 is an unknown value
EDX=0x5e344000 is an unknown value
ESP=0x52e5d690 is pointing into the stack for thread: 0x5c006400
EBP=0x52e5d6a0 is pointing into the stack for thread: 0x5c006400
ESI=0x80000000 is an unknown value
EDI=0x5e37bd40 is an unknown value


Stack: [0x52de0000,0x52e60000],  sp=0x52e5d690,  free space=501k
Native frames: (J=compiled Java code, j=interpreted, Vv=VM code, C=native code)
C  0x644045e2  NS_Free_P+0x2efc16
C  0x645a1703  xpc_LocalizeContext+0x911a0
C  0x63fec308  XRE_GetFileFromPath+0xcf2f
C  0x63ff1b0a  XRE_GetFileFromPath+0x12731

Java frames: (J=compiled Java code, j=interpreted, Vv=VM code)
j  com.teamdev.jxbrowser.gecko15.xpcom.XPCOMJavaProxy.CallXPCOMMethod(Ljava/lang/Object;Ljava/lang/String;Ljava/lang/String;[Ljava/lang/Object;)Ljava/lang/Object;+0
j  com.teamdev.jxbrowser.gecko15.xpcom.XPCOMJavaProxy.invoke(Ljava/lang/Object;Ljava/lang/reflect/Method;[Ljava/lang/Object;)Ljava/lang/Object;+97
j  $Proxy23.run()V+9
j  com.teamdev.jxbrowser.gecko15.xpcom.AppShellMozillaThread.a()V+20
j  com.teamdev.jxbrowser.gecko15.xpcom.AppShellMozillaThread.a(Lcom/teamdev/jxbrowser/gecko15/xpcom/AppShellMozillaThread;)V+1
j  com.teamdev.jxbrowser.gecko15.xpcom.AppShellMozillaThread$a.run()V+30
j  java.lang.Thread.run()V+11
v  ~StubRoutines::call_stub

---------------  P R O C E S S  ---------------

Java Threads: ( => current thread )
  0x5c006800 JavaThread "Browser Events Thread" daemon [_thread_blocked, id=3084, stack(0x53070000,0x530f0000)]
  0x5c005c00 JavaThread "Image Fetcher 0" daemon [_thread_blocked, id=3072, stack(0x06a20000,0x06aa0000)]
  0x5100d400 JavaThread "com.jniwrapper.NativeResourceCollector" daemon [_thread_blocked, id=3156, stack(0x52e60000,0x52ee0000)]
=>0x5c006400 JavaThread "XPCOM" daemon [_thread_in_native, id=4632, stack(0x52de0000,0x52e60000)]
  0x4f802800 JavaThread "Prefs Updater" daemon [_thread_blocked, id=4920, stack(0x06830000,0x068b0000)]
  0x4f804800 JavaThread "Code Analyzer updating thread" [_thread_blocked, id=3464, stack(0x067b0000,0x06830000)]
  0x4f804400 JavaThread "Active Reference Queue Daemon" daemon [_thread_blocked, id=2364, stack(0x06730000,0x067b0000)]
  0x4f803c00 JavaThread "Timer-1" daemon [_thread_blocked, id=5632, stack(0x066b0000,0x06730000)]
  0x4f801000 JavaThread "RecordlistTable Timer" daemon [_thread_blocked, id=4600, stack(0x516a0000,0x51720000)]
  0x4b97d800 JavaThread "pool-5-thread-1" [_thread_blocked, id=744, stack(0x4ed90000,0x4ee10000)]
  0x4b981c00 JavaThread "Foxtrot Single Worker Thread #1" daemon [_thread_blocked, id=3168, stack(0x08690000,0x08710000)]
  0x4b980400 JavaThread "ClipboardMonitor Timer" daemon [_thread_blocked, id=4840, stack(0x51530000,0x515b0000)]
  0x4b97f800 JavaThread "Explorer NavigationContext request queue" daemon [_thread_blocked, id=4648, stack(0x51430000,0x514b0000)]
  0x4b97ec00 JavaThread "AddressBar directory emptiness poller" daemon [_thread_blocked, id=3720, stack(0x51330000,0x513b0000)]
  0x4b97e400 JavaThread "Explorer Refresh Service 1364760" daemon [_thread_blocked, id=5424, stack(0x512b0000,0x51330000)]
  0x4b97e000 JavaThread "Thread-4" daemon [_thread_blocked, id=4332, stack(0x50020000,0x500a0000)]
  0x4b97cc00 JavaThread "TimerQueue" daemon [_thread_blocked, id=2816, stack(0x4cd70000,0x4cdf0000)]
  0x4b97c400 JavaThread "Thread-3" daemon [_thread_blocked, id=3588, stack(0x4c7c0000,0x4c840000)]
  0x4b97c000 JavaThread "AWT-EventQueue-0" [_thread_blocked, id=4372, stack(0x4c740000,0x4c7c0000)]
  0x4b97b800 JavaThread "AWT-Shutdown" [_thread_blocked, id=4476, stack(0x0fe80000,0x0ff00000)]
  0x4b97b400 JavaThread "FelixPackageAdmin" daemon [_thread_blocked, id=3800, stack(0x4c990000,0x4ca10000)]
  0x4b89ac00 JavaThread "FelixStartLevel" daemon [_thread_blocked, id=2424, stack(0x4c8c0000,0x4c940000)]
  0x4b812400 JavaThread "FelixDispatchQueue" daemon [_thread_blocked, id=4004, stack(0x4c840000,0x4c8c0000)]
  0x4a7fc800 JavaThread "com.google.common.base.internal.Finalizer" daemon [_thread_blocked, id=3332, stack(0x4b0e0000,0x4b160000)]
  0x4a7a0c00 JavaThread "AWT-Windows" daemon [_thread_in_native, id=4296, stack(0x0ff00000,0x0ff80000)]
  0x4a77b800 JavaThread "Java2D Disposer" daemon [_thread_blocked, id=3620, stack(0x0fe00000,0x0fe80000)]
  0x4a5a4000 JavaThread "Timer-0" [_thread_blocked, id=5652, stack(0x0fd80000,0x0fe00000)]
  0x4a529000 JavaThread "EventMgr Dispatcher" daemon [_thread_in_native, id=5396, stack(0x4a8e0000,0x4b0e0000)]
  0x0bf1ac00 JavaThread "Service Thread" daemon [_thread_blocked, id=4184, stack(0x0f3b0000,0x0f430000)]
  0x0bf16400 JavaThread "C1 CompilerThread0" daemon [_thread_blocked, id=652, stack(0x0ebb0000,0x0f3b0000)]
  0x0bf15400 JavaThread "Attach Listener" daemon [_thread_blocked, id=3564, stack(0x0eb30000,0x0ebb0000)]
  0x0bee2400 JavaThread "Finalizer" daemon [_thread_blocked, id=1028, stack(0x0eab0000,0x0eb30000)]
  0x0bedd800 JavaThread "Reference Handler" daemon [_thread_blocked, id=1808, stack(0x0ea30000,0x0eab0000)]
  0x0bc79800 JavaThread "main" [_thread_in_native, id=4528, stack(0x00430000,0x00c30000)]

Other Threads:
  0x0bed6c00 VMThread [stack: 0x0e230000,0x0ea30000] [id=3664]
  0x0bf35c00 WatcherThread [stack: 0x0f430000,0x0fc30000] [id=5568]

VM state:not at safepoint (normal execution)

VM Mutex/Monitor currently owned by a thread: None

Heap
 def new generation   total 24064K, used 8348K [0x102e0000, 0x11cf0000, 0x1d260000)
  eden space 21440K,  33% used [0x102e0000, 0x109e9378, 0x117d0000)
  from space 2624K,  43% used [0x117d0000, 0x118eddd8, 0x11a60000)
  to   space 2624K,   0% used [0x11a60000, 0x11a60000, 0x11cf0000)
 tenured generation   total 79820K, used 59485K [0x1d260000, 0x22053000, 0x440e0000)
   the space 79820K,  74% used [0x1d260000, 0x20c775e8, 0x20c77600, 0x22053000)
 compacting perm gen  total 41472K, used 41239K [0x440e0000, 0x46960000, 0x4a0e0000)
   the space 41472K,  99% used [0x440e0000, 0x46925f78, 0x46926000, 0x46960000)
No shared spaces configured.

Card table byte_map: [0x0e060000,0x0e230000] byte_map_base: 0x0dfde900

Polling page: 0x094a0000

Code Cache  [0x0c060000, 0x0c9f8000, 0x0e060000)
 total_blobs=6028 nmethods=5711 adapters=247 free_code_cache=22965Kb largest_free_block=23509248

Compilation events (10 events):
Event: 6256.309 Thread 0x0bf16400 nmethod 5804 0x0c9ef988 code [0x0c9efa80, 0x0c9efb1c]
Event: 6256.318 Thread 0x0bf16400 5805             sun.misc.ProxyGenerator$ConstantPool$ValueEntry::write (190 bytes)
Event: 6256.319 Thread 0x0bf16400 nmethod 5805 0x0c9efb88 code [0x0c9efdc0, 0x0c9f049c]
Event: 6256.319 Thread 0x0bf16400 5806             sun.misc.ProxyGenerator$MethodInfo::write (275 bytes)
Event: 6256.321 Thread 0x0bf16400 nmethod 5806 0x0c9f0ac8 code [0x0c9f0ee0, 0x0c9f20c4]
Event: 6256.820 Thread 0x0bf16400 5807             sun.security.util.ManifestEntryVerifier::update (48 bytes)
Event: 6256.820 Thread 0x0bf16400 nmethod 5807 0x0c9f2f88 code [0x0c9f30b0, 0x0c9f3294]
Event: 6256.822 Thread 0x0bf16400 5808             java.lang.AbstractStringBuilder::delete (80 bytes)
Event: 6256.823 Thread 0x0bf16400 nmethod 5808 0x0c9f3548 code [0x0c9f3670, 0x0c9f38c4]
Event: 6256.824 Thread 0x0bf16400 5809             com.teamdev.jxbrowser.gecko15.xpcom.XPCOMJavaProxyManager::findProxy (80 bytes)

GC Heap History (10 events):
Event: 6253.968 GC heap before
{Heap before GC invocations=321 (full 2):
 def new generation   total 24064K, used 24012K [0x102e0000, 0x11cf0000, 0x1d260000)
  eden space 21440K, 100% used [0x102e0000, 0x117d0000, 0x117d0000)
  from space 2624K,  98% used [0x11a60000, 0x11ce32f8, 0x11cf0000)
  to   space 2624K,   0% used [0x117d0000, 0x117d0000, 0x11a60000)
 tenured generation   total 79820K, used 55302K [0x1d260000, 0x22053000, 0x440e0000)
   the space 79820K,  69% used [0x1d260000, 0x20861a58, 0x20861c00, 0x22053000)
 compacting perm gen  total 39424K, used 39257K [0x440e0000, 0x46760000, 0x4a0e0000)
   the space 39424K,  99% used [0x440e0000, 0x46736628, 0x46736800, 0x46760000)
No shared spaces configured.
Event: 6253.976 GC heap after
Heap after GC invocations=322 (full 2):
 def new generation   total 24064K, used 2414K [0x102e0000, 0x11cf0000, 0x1d260000)
  eden space 21440K,   0% used [0x102e0000, 0x102e0000, 0x117d0000)
  from space 2624K,  92% used [0x117d0000, 0x11a2b880, 0x11a60000)
  to   space 2624K,   0% used [0x11a60000, 0x11a60000, 0x11cf0000)
 tenured generation   total 79820K, used 56102K [0x1d260000, 0x22053000, 0x440e0000)
   the space 79820K,  70% used [0x1d260000, 0x20929ac0, 0x20929c00, 0x22053000)
 compacting perm gen  total 39424K, used 39257K [0x440e0000, 0x46760000, 0x4a0e0000)
   the space 39424K,  99% used [0x440e0000, 0x46736628, 0x46736800, 0x46760000)
No shared spaces configured.
}
Event: 6254.474 GC heap before
{Heap before GC invocations=322 (full 2):
 def new generation   total 24064K, used 23854K [0x102e0000, 0x11cf0000, 0x1d260000)
  eden space 21440K, 100% used [0x102e0000, 0x117d0000, 0x117d0000)
  from space 2624K,  92% used [0x117d0000, 0x11a2b880, 0x11a60000)
  to   space 2624K,   0% used [0x11a60000, 0x11a60000, 0x11cf0000)
 tenured generation   total 79820K, used 56102K [0x1d260000, 0x22053000, 0x440e0000)
   the space 79820K,  70% used [0x1d260000, 0x20929ac0, 0x20929c00, 0x22053000)
 compacting perm gen  total 39680K, used 39577K [0x440e0000, 0x467a0000, 0x4a0e0000)
   the space 39680K,  99% used [0x440e0000, 0x467866c0, 0x46786800, 0x467a0000)
No shared spaces configured.
Event: 6254.478 GC heap after
Heap after GC invocations=323 (full 2):
 def new generation   total 24064K, used 1543K [0x102e0000, 0x11cf0000, 0x1d260000)
  eden space 21440K,   0% used [0x102e0000, 0x102e0000, 0x117d0000)
  from space 2624K,  58% used [0x11a60000, 0x11be1f28, 0x11cf0000)
  to   space 2624K,   0% used [0x117d0000, 0x117d0000, 0x11a60000)
 tenured generation   total 79820K, used 56753K [0x1d260000, 0x22053000, 0x440e0000)
   the space 79820K,  71% used [0x1d260000, 0x209cc788, 0x209cc800, 0x22053000)
 compacting perm gen  total 39680K, used 39577K [0x440e0000, 0x467a0000, 0x4a0e0000)
   the space 39680K,  99% used [0x440e0000, 0x467866c0, 0x46786800, 0x467a0000)
No shared spaces configured.
}
Event: 6255.765 GC heap before
{Heap before GC invocations=323 (full 2):
 def new generation   total 24064K, used 22983K [0x102e0000, 0x11cf0000, 0x1d260000)
  eden space 21440K, 100% used [0x102e0000, 0x117d0000, 0x117d0000)
  from space 2624K,  58% used [0x11a60000, 0x11be1f28, 0x11cf0000)
  to   space 2624K,   0% used [0x117d0000, 0x117d0000, 0x11a60000)
 tenured generation   total 79820K, used 56753K [0x1d260000, 0x22053000, 0x440e0000)
   the space 79820K,  71% used [0x1d260000, 0x209cc788, 0x209cc800, 0x22053000)
 compacting perm gen  total 40192K, used 40178K [0x440e0000, 0x46820000, 0x4a0e0000)
   the space 40192K,  99% used [0x440e0000, 0x4681cb70, 0x4681cc00, 0x46820000)
No shared spaces configured.
Event: 6255.773 GC heap after
Heap after GC invocations=324 (full 2):
 def new generation   total 24064K, used 2613K [0x102e0000, 0x11cf0000, 0x1d260000)
  eden space 21440K,   0% used [0x102e0000, 0x102e0000, 0x117d0000)
  from space 2624K,  99% used [0x117d0000, 0x11a5d4e0, 0x11a60000)
  to   space 2624K,   0% used [0x11a60000, 0x11a60000, 0x11cf0000)
 tenured generation   total 79820K, used 57623K [0x1d260000, 0x22053000, 0x440e0000)
   the space 79820K,  72% used [0x1d260000, 0x20aa5ff8, 0x20aa6000, 0x22053000)
 compacting perm gen  total 40192K, used 40178K [0x440e0000, 0x46820000, 0x4a0e0000)
   the space 40192K,  99% used [0x440e0000, 0x4681cb70, 0x4681cc00, 0x46820000)
No shared spaces configured.
}
Event: 6256.460 GC heap before
{Heap before GC invocations=324 (full 2):
 def new generation   total 24064K, used 24053K [0x102e0000, 0x11cf0000, 0x1d260000)
  eden space 21440K, 100% used [0x102e0000, 0x117d0000, 0x117d0000)
  from space 2624K,  99% used [0x117d0000, 0x11a5d4e0, 0x11a60000)
  to   space 2624K,   0% used [0x11a60000, 0x11a60000, 0x11cf0000)
 tenured generation   total 79820K, used 57623K [0x1d260000, 0x22053000, 0x440e0000)
   the space 79820K,  72% used [0x1d260000, 0x20aa5ff8, 0x20aa6000, 0x22053000)
 compacting perm gen  total 40960K, used 40887K [0x440e0000, 0x468e0000, 0x4a0e0000)
   the space 40960K,  99% used [0x440e0000, 0x468cde90, 0x468ce000, 0x468e0000)
No shared spaces configured.
Event: 6256.469 GC heap after
Heap after GC invocations=325 (full 2):
 def new generation   total 24064K, used 869K [0x102e0000, 0x11cf0000, 0x1d260000)
  eden space 21440K,   0% used [0x102e0000, 0x102e0000, 0x117d0000)
  from space 2624K,  33% used [0x11a60000, 0x11b39680, 0x11cf0000)
  to   space 2624K,   0% used [0x117d0000, 0x117d0000, 0x11a60000)
 tenured generation   total 79820K, used 59485K [0x1d260000, 0x22053000, 0x440e0000)
   the space 79820K,  74% used [0x1d260000, 0x20c775e8, 0x20c77600, 0x22053000)
 compacting perm gen  total 40960K, used 40887K [0x440e0000, 0x468e0000, 0x4a0e0000)
   the space 40960K,  99% used [0x440e0000, 0x468cde90, 0x468ce000, 0x468e0000)
No shared spaces configured.
}
Event: 6256.772 GC heap before
{Heap before GC invocations=325 (full 2):
 def new generation   total 24064K, used 22309K [0x102e0000, 0x11cf0000, 0x1d260000)
  eden space 21440K, 100% used [0x102e0000, 0x117d0000, 0x117d0000)
  from space 2624K,  33% used [0x11a60000, 0x11b39680, 0x11cf0000)
  to   space 2624K,   0% used [0x117d0000, 0x117d0000, 0x11a60000)
 tenured generation   total 79820K, used 59485K [0x1d260000, 0x22053000, 0x440e0000)
   the space 79820K,  74% used [0x1d260000, 0x20c775e8, 0x20c77600, 0x22053000)
 compacting perm gen  total 41216K, used 41200K [0x440e0000, 0x46920000, 0x4a0e0000)
   the space 41216K,  99% used [0x440e0000, 0x4691c268, 0x4691c400, 0x46920000)
No shared spaces configured.
Event: 6256.778 GC heap after
Heap after GC invocations=326 (full 2):
 def new generation   total 24064K, used 1143K [0x102e0000, 0x11cf0000, 0x1d260000)
  eden space 21440K,   0% used [0x102e0000, 0x102e0000, 0x117d0000)
  from space 2624K,  43% used [0x117d0000, 0x118eddd8, 0x11a60000)
  to   space 2624K,   0% used [0x11a60000, 0x11a60000, 0x11cf0000)
 tenured generation   total 79820K, used 59485K [0x1d260000, 0x22053000, 0x440e0000)
   the space 79820K,  74% used [0x1d260000, 0x20c775e8, 0x20c77600, 0x22053000)
 compacting perm gen  total 41216K, used 41200K [0x440e0000, 0x46920000, 0x4a0e0000)
   the space 41216K,  99% used [0x440e0000, 0x4691c268, 0x4691c400, 0x46920000)
No shared spaces configured.
}

Deoptimization events (0 events):
No events

Internal exceptions (10 events):
Event: 6256.813 Thread 0x4b97c000 Threw 0x1087c5f0 at C:\jdk7u1_32P\jdk7u11\hotspot\src\share\vm\prims\jvm.cpp:1166
Event: 6256.813 Thread 0x4b97c000 Threw 0x108a0548 at C:\jdk7u1_32P\jdk7u11\hotspot\src\share\vm\prims\jvm.cpp:1166
Event: 6256.814 Thread 0x4b97c000 Threw 0x108c1d00 at C:\jdk7u1_32P\jdk7u11\hotspot\src\share\vm\prims\jvm.cpp:1166
Event: 6256.815 Thread 0x4b97c000 Threw 0x108ea208 at C:\jdk7u1_32P\jdk7u11\hotspot\src\share\vm\prims\jvm.cpp:1166
Event: 6256.815 Thread 0x4b97c000 Threw 0x1090ffe8 at C:\jdk7u1_32P\jdk7u11\hotspot\src\share\vm\prims\jvm.cpp:1166
Event: 6256.818 Thread 0x4b97c000 Threw 0x109466d0 at C:\jdk7u1_32P\jdk7u11\hotspot\src\share\vm\prims\jvm.cpp:1166
Event: 6256.818 Thread 0x4b97c000 Threw 0x1095a858 at C:\jdk7u1_32P\jdk7u11\hotspot\src\share\vm\prims\jvm.cpp:1166
Event: 6256.820 Thread 0x4b97c000 Threw 0x109754d8 at C:\jdk7u1_32P\jdk7u11\hotspot\src\share\vm\prims\jvm.cpp:1166
Event: 6256.821 Thread 0x4b97c000 Threw 0x1098b2c0 at C:\jdk7u1_32P\jdk7u11\hotspot\src\share\vm\prims\jvm.cpp:1166
Event: 6256.824 Thread 0x5c006400 Threw 0x109c77d0 at C:\jdk7u1_32P\jdk7u11\hotspot\src\share\vm\prims\jvm.cpp:1166

Events (10 events):
Event: 6256.819 Executing VM operation: BulkRevokeBias
Event: 6256.819 Executing VM operation: BulkRevokeBias done
Event: 6256.820 loading class 0x4bef4d90
Event: 6256.820 loading class 0x4bef4d90 done
Event: 6256.821 loading class 0x4bef4c00
Event: 6256.821 loading class 0x4bef4c00 done
Event: 6256.822 Executing VM operation: BulkRevokeBias
Event: 6256.822 Executing VM operation: BulkRevokeBias done
Event: 6256.824 loading class 0x4f338430
Event: 6256.824 loading class 0x4f338430 done


Dynamic libraries:
0x00400000 - 0x00426000 	C:\Program Files\MATLAB\R2013b\bin\win32\MATLAB.exe
0x779b0000 - 0x77aec000 	C:\Windows\SYSTEM32\ntdll.dll
0x76720000 - 0x767f4000 	C:\Windows\system32\kernel32.dll
0x75c60000 - 0x75caa000 	C:\Windows\system32\KERNELBASE.dll
0x10000000 - 0x102db000 	C:\Program Files\MATLAB\R2013b\bin\win32\libmwservices.dll
0x7dec0000 - 0x7df65000 	C:\Program Files\MATLAB\R2013b\bin\win32\libmwi18n.dll
0x7deb0000 - 0x7debb000 	C:\Program Files\MATLAB\R2013b\bin\win32\libmwresource_core.dll
0x000d0000 - 0x00139000 	C:\Program Files\MATLAB\R2013b\bin\win32\MSVCP100.dll
0x00240000 - 0x002ff000 	C:\Program Files\MATLAB\R2013b\bin\win32\MSVCR100.dll
0x00020000 - 0x0002c000 	C:\Program Files\MATLAB\R2013b\bin\win32\boost_date_time-vc100-mt-1_49.dll
0x00300000 - 0x00325000 	C:\Program Files\MATLAB\R2013b\bin\win32\boost_filesystem-vc100-mt-1_49.dll
0x00330000 - 0x00337000 	C:\Program Files\MATLAB\R2013b\bin\win32\boost_system-vc100-mt-1_49.dll
0x76680000 - 0x76720000 	C:\Windows\system32\ADVAPI32.dll
0x75e90000 - 0x75f3c000 	C:\Windows\system32\msvcrt.dll
0x77b80000 - 0x77b99000 	C:\Windows\SYSTEM32\sechost.dll
0x77830000 - 0x778d1000 	C:\Windows\system32\RPCRT4.dll
0x00340000 - 0x00361000 	C:\Program Files\MATLAB\R2013b\bin\win32\LIBEXPAT.dll
0x7dce0000 - 0x7de29000 	C:\Program Files\MATLAB\R2013b\bin\win32\icuin49.dll
0x7dbd0000 - 0x7dcd7000 	C:\Program Files\MATLAB\R2013b\bin\win32\icuuc49.dll
0x00c30000 - 0x01d52000 	C:\Program Files\MATLAB\R2013b\bin\win32\icudt49.dll
0x7dbc0000 - 0x7dbcd000 	C:\Program Files\MATLAB\R2013b\bin\win32\icuio49.dll
0x01d60000 - 0x01df5000 	C:\Program Files\MATLAB\R2013b\bin\win32\libut.dll
0x7da60000 - 0x7dbb7000 	C:\Program Files\MATLAB\R2013b\bin\win32\libmwfl.dll
0x01e00000 - 0x02145000 	C:\Program Files\MATLAB\R2013b\bin\win32\libmwMATLAB_res.dll
0x02150000 - 0x02204000 	C:\Program Files\MATLAB\R2013b\bin\win32\boost_regex-vc100-mt-1_49.dll
0x77760000 - 0x77829000 	C:\Windows\system32\USER32.dll
0x76040000 - 0x7608e000 	C:\Windows\system32\GDI32.dll
0x77b00000 - 0x77b0a000 	C:\Windows\system32\LPK.dll
0x75fa0000 - 0x7603d000 	C:\Windows\system32\USP10.dll
0x003b0000 - 0x003be000 	C:\Program Files\MATLAB\R2013b\bin\win32\boost_signals-vc100-mt-1_49.dll
0x003c0000 - 0x003ce000 	C:\Program Files\MATLAB\R2013b\bin\win32\boost_thread-vc100-mt-1_49.dll
0x02210000 - 0x02284000 	C:\Program Files\MATLAB\R2013b\bin\win32\boost_log-vc100-mt-1_49.dll
0x77af0000 - 0x77af5000 	C:\Windows\system32\PSAPI.DLL
0x77ba0000 - 0x77bd5000 	C:\Windows\system32\WS2_32.dll
0x77b40000 - 0x77b46000 	C:\Windows\system32\NSI.dll
0x003d0000 - 0x003f8000 	C:\Program Files\MATLAB\R2013b\bin\win32\tbb.dll
0x77b50000 - 0x77b7a000 	C:\Windows\system32\imagehlp.dll
0x74df0000 - 0x74e15000 	C:\Windows\system32\POWRPROF.dll
0x775c0000 - 0x7775d000 	C:\Windows\system32\SETUPAPI.dll
0x75cb0000 - 0x75cd7000 	C:\Windows\system32\CFGMGR32.dll
0x75e00000 - 0x75e8f000 	C:\Windows\system32\OLEAUT32.dll
0x763d0000 - 0x7652c000 	C:\Windows\system32\ole32.dll
0x75c10000 - 0x75c22000 	C:\Windows\system32\DEVOBJ.dll
0x7d250000 - 0x7d317000 	C:\Program Files\MATLAB\R2013b\bin\win32\libmx.dll
0x02290000 - 0x022a8000 	C:\Program Files\MATLAB\R2013b\bin\win32\tbbmalloc.dll
0x022b0000 - 0x022c4000 	C:\Program Files\MATLAB\R2013b\bin\win32\zlib1.dll
0x7d1f0000 - 0x7d22e000 	C:\Program Files\MATLAB\R2013b\bin\win32\libmwregexp.dll
0x7d1b0000 - 0x7d1e8000 	C:\Program Files\MATLAB\R2013b\bin\win32\mpath.dll
0x022d0000 - 0x0281e000 	C:\Program Files\MATLAB\R2013b\bin\win32\mlutil.dll
0x7cc50000 - 0x7ccb2000 	C:\Program Files\MATLAB\R2013b\bin\win32\xmlcore.dll
0x02820000 - 0x029e0000 	C:\Program Files\MATLAB\R2013b\bin\win32\xerces-c_2_7.dll
0x7ca70000 - 0x7ca91000 	C:\Program Files\MATLAB\R2013b\bin\win32\libmwMATLAB_settings_res.dll
0x029f0000 - 0x029fd000 	C:\Program Files\MATLAB\R2013b\bin\win32\boost_iostreams-vc100-mt-1_49.dll
0x02a00000 - 0x02a3e000 	C:\Program Files\MATLAB\R2013b\bin\win32\boost_serialization-vc100-mt-1_49.dll
0x76860000 - 0x774aa000 	C:\Windows\system32\SHELL32.dll
0x75f40000 - 0x75f97000 	C:\Windows\system32\SHLWAPI.dll
0x7ca10000 - 0x7ca15000 	C:\Program Files\MATLAB\R2013b\bin\win32\libmwnativedisplay.dll
0x02a40000 - 0x02a7d000 	C:\Program Files\MATLAB\R2013b\bin\win32\opccore.dll
0x02a80000 - 0x02b2e000 	C:\Program Files\MATLAB\R2013b\bin\win32\opcmodel.dll
0x02b30000 - 0x02b53000 	C:\Program Files\MATLAB\R2013b\bin\win32\opczippackage.dll
0x02b60000 - 0x02b6d000 	C:\Program Files\MATLAB\R2013b\bin\win32\libminizip.dll
0x02b70000 - 0x02bc1000 	C:\Program Files\MATLAB\R2013b\bin\win32\opcmwservices.dll
0x02bd0000 - 0x02c54000 	C:\Windows\WinSxS\x86_microsoft.windows.common-controls_6595b64144ccf1df_5.82.7601.17514_none_ec83dffa859149af\COMCTL32.dll
0x774b0000 - 0x7752b000 	C:\Windows\system32\COMDLG32.dll
0x73e60000 - 0x73e71000 	C:\Windows\system32\NETAPI32.dll
0x73e50000 - 0x73e59000 	C:\Windows\system32\netutils.dll
0x757c0000 - 0x757d9000 	C:\Windows\system32\srvcli.dll
0x73e40000 - 0x73e4f000 	C:\Windows\system32\wkscli.dll
0x7c980000 - 0x7ca0a000 	C:\Program Files\MATLAB\R2013b\bin\win32\mcr.dll
0x02c60000 - 0x02ff8000 	C:\Program Files\MATLAB\R2013b\bin\win32\iqm.dll
0x03000000 - 0x0308d000 	C:\Program Files\MATLAB\R2013b\bin\win32\m_dispatcher.dll
0x03090000 - 0x035d6000 	C:\Program Files\MATLAB\R2013b\bin\win32\m_interpreter.dll
0x7bef0000 - 0x7bf0c000 	C:\Program Files\MATLAB\R2013b\bin\win32\libmex.dll
0x7be90000 - 0x7bef0000 	C:\Program Files\MATLAB\R2013b\bin\win32\profiler.dll
0x7bc20000 - 0x7bd6e000 	C:\Program Files\MATLAB\R2013b\bin\win32\libmwmathutil.dll
0x035e0000 - 0x03601000 	C:\Program Files\MATLAB\R2013b\bin\win32\libmwmathrng.dll
0x7bbf0000 - 0x7bbfe000 	C:\Program Files\MATLAB\R2013b\bin\win32\libmwmfl_rng.dll
0x03610000 - 0x036df000 	C:\Program Files\MATLAB\R2013b\bin\win32\libmwmathcore.dll
0x7baf0000 - 0x7bb38000 	C:\Program Files\MATLAB\R2013b\bin\win32\libmwspmatrix.dll
0x036e0000 - 0x03898000 	C:\Program Files\MATLAB\R2013b\bin\win32\mcos.dll
0x7b8b0000 - 0x7b8fa000 	C:\Program Files\MATLAB\R2013b\bin\win32\libmwcholmod.dll
0x7b8a0000 - 0x7b8a9000 	C:\Program Files\MATLAB\R2013b\bin\win32\libmwamd.dll
0x7b890000 - 0x7b899000 	C:\Program Files\MATLAB\R2013b\bin\win32\libmwcolamd.dll
0x7b880000 - 0x7b88b000 	C:\Program Files\MATLAB\R2013b\bin\win32\libmwblas.dll
0x7b860000 - 0x7b871000 	C:\Program Files\MATLAB\R2013b\bin\win32\libmwbinder.dll
0x7b850000 - 0x7b859000 	C:\Program Files\MATLAB\R2013b\bin\win32\libmwompwrapper.dll
0x7b810000 - 0x7b844000 	C:\Program Files\MATLAB\R2013b\bin\win32\libmwlapack.dll
0x7b7f0000 - 0x7b807000 	C:\Program Files\MATLAB\R2013b\bin\win32\m_pcodeio.dll
0x7b7a0000 - 0x7b7e9000 	C:\Program Files\MATLAB\R2013b\bin\win32\m_ir.dll
0x038a0000 - 0x03e3c000 	C:\Program Files\MATLAB\R2013b\bin\win32\m_parser.dll
0x7b1f0000 - 0x7b201000 	C:\Program Files\MATLAB\R2013b\bin\win32\ir_xfmr.dll
0x7b1e0000 - 0x7b1ee000 	C:\Program Files\MATLAB\R2013b\bin\win32\mtok.dll
0x7b1b0000 - 0x7b1d1000 	C:\Program Files\MATLAB\R2013b\bin\win32\m_pcodegen.dll
0x7b180000 - 0x7b1a7000 	C:\Program Files\MATLAB\R2013b\bin\win32\libmwbridge.dll
0x7b0e0000 - 0x7b171000 	C:\Program Files\MATLAB\R2013b\bin\win32\udd.dll
0x7afc0000 - 0x7b0da000 	C:\Program Files\MATLAB\R2013b\bin\win32\libmwgui.dll
0x7afa0000 - 0x7afc0000 	C:\Program Files\MATLAB\R2013b\bin\win32\graphics_util.dll
0x03e40000 - 0x03ef2000 	C:\Program Files\MATLAB\R2013b\bin\win32\libtex_base.dll
0x7a790000 - 0x7aef3000 	C:\Program Files\MATLAB\R2013b\bin\win32\hg.dll
0x7a740000 - 0x7a789000 	C:\Program Files\MATLAB\R2013b\bin\win32\libmat.dll
0x03f00000 - 0x040e9000 	C:\Program Files\MATLAB\R2013b\bin\win32\hdf5dll.dll
0x7a4a0000 - 0x7a547000 	C:\Program Files\MATLAB\R2013b\bin\win32\jmi.dll
0x7a490000 - 0x7a49c000 	C:\Program Files\MATLAB\R2013b\bin\win32\nativejava_services.dll
0x7a450000 - 0x7a484000 	C:\Program Files\MATLAB\R2013b\bin\win32\libmwhardcopy.dll
0x7a400000 - 0x7a448000 	C:\Program Files\MATLAB\R2013b\bin\win32\libuij.dll
0x7a220000 - 0x7a3c4000 	C:\Program Files\MATLAB\R2013b\bin\win32\hgdatatypes.dll
0x04100000 - 0x041dd000 	C:\Program Files\MATLAB\R2013b\bin\win32\hgutils.dll
0x7a0d0000 - 0x7a159000 	C:\Program Files\MATLAB\R2013b\bin\win32\udd_mi.dll
0x7a0a0000 - 0x7a0cd000 	C:\Program Files\MATLAB\R2013b\bin\win32\libmwgbtutils.dll
0x7a090000 - 0x7a0a0000 	C:\Program Files\MATLAB\R2013b\bin\win32\libmwgbt.dll
0x041e0000 - 0x04487000 	C:\Program Files\MATLAB\R2013b\bin\win32\uiw.dll
0x79dd0000 - 0x79dd8000 	C:\Program Files\MATLAB\R2013b\bin\win32\uinone.dll
0x04490000 - 0x044b3000 	C:\Program Files\MATLAB\R2013b\bin\win32\libmwnativedialogs.dll
0x79da0000 - 0x79da9000 	C:\Program Files\MATLAB\R2013b\bin\win32\libmwplatform_res.dll
0x73d90000 - 0x73da2000 	C:\Windows\system32\MPR.dll
0x044d0000 - 0x04908000 	C:\Program Files\MATLAB\R2013b\bin\win32\mfc100.dll
0x73c20000 - 0x73c25000 	C:\Windows\system32\MSIMG32.dll
0x71000000 - 0x71051000 	C:\Windows\system32\WINSPOOL.DRV
0x79d80000 - 0x79d96000 	C:\Program Files\MATLAB\R2013b\bin\win32\mwoles05.DLL
0x79d20000 - 0x79d73000 	C:\Program Files\MATLAB\R2013b\bin\win32\comcli.dll
0x04910000 - 0x04936000 	C:\Program Files\MATLAB\R2013b\bin\win32\ATL100.DLL
0x79d10000 - 0x79d1a000 	C:\Program Files\MATLAB\R2013b\bin\win32\mlautoregister.dll
0x04940000 - 0x04a95000 	C:\Program Files\MATLAB\R2013b\bin\win32\mvm.dll
0x77b10000 - 0x77b2f000 	C:\Windows\system32\IMM32.DLL
0x778e0000 - 0x779ac000 	C:\Windows\system32\MSCTF.dll
0x74440000 - 0x74480000 	C:\Windows\system32\UxTheme.dll
0x74150000 - 0x74163000 	C:\Windows\system32\dwmapi.dll
0x04ae0000 - 0x04aef000 	C:\Program Files\MATLAB\R2013b\bin\win32\MFC100ESN.DLL

VM Arguments:
jvm_args: -Xss512k -XX:PermSize=32m -Xms64m -XX:NewRatio=3 -XX:MaxPermSize=96m -Xmx829m -XX:MaxDirectMemorySize=1200000000 -Dsun.java2d.noddraw=true -Dsun.awt.nopixfmt=true -Xshare:off -Xrs -XX:-UseSplitVerifier -Djava.library.path=C:\Program Files\MATLAB\R2013b\bin\win32;C:\Program Files\MATLAB\R2013b\sys\jxbrowser\win32\lib vfprintf abort -Duser.language=es -Duser.country=CO 
java_command: <unknown>
Launcher Type: generic

Environment Variables:
PATH=C:\Python34\;C:\Python34\Scripts;C:\Windows\system32;C:\Windows;C:\Windows\System32\Wbem;C:\Windows\System32\WindowsPowerShell\v1.0\;C:\Program Files\Intel\DMIX;C:\Program Files\Dell\DW WLAN Card;C:\Program Files\MATLAB\R2013b\runtime\win32;C:\Program Files\MATLAB\R2013b\bin
USERNAME=Laboratorio
OS=Windows_NT
PROCESSOR_IDENTIFIER=x86 Family 6 Model 42 Stepping 7, GenuineIntel



---------------  S Y S T E M  ---------------

OS: Windows 7 Build 7601 Service Pack 1

CPU:total 4 (4 cores per cpu, 1 threads per core) family 6 model 42 stepping 7, cmov, cx8, fxsr, mmx, sse, sse2, sse3, ssse3, sse4.1, sse4.2, popcnt, avx, tsc, tscinvbit

Memory: 4k page, physical 3396504k(1666920k free), swap 6791252k(4131924k free)

vm_info: Java HotSpot(TM) Client VM (23.6-b04) for windows-x86 JRE (1.7.0_11-b21), built on Jan 12 2013 02:19:22 by "java_re" with unknown MS VC++:1600

time: Wed Nov 25 17:57:15 2015
elapsed time: 6257 seconds

